2025-12-23 00:14:43,473 [INFO    ] [root                ] [MainThread] --- Logging diinisialisasi. File: output\pipeline_20251223_001443.log
2025-12-23 00:14:43,473 [INFO    ] [root                ] [MainThread] --- ================================================================================
2025-12-23 00:14:43,473 [INFO    ] [root                ] [MainThread] ---                             VOLCANOAI SYSTEM STARTUP                            
2025-12-23 00:14:43,473 [INFO    ] [root                ] [MainThread] --- ================================================================================
2025-12-23 00:14:43,473 [INFO    ] [root                ] [MainThread] --- [Dashboard] Starting Flask server in background thread (monitoring enabled)...
2025-12-23 00:14:43,489 [INFO    ] [RealtimeSensorManager] [MainThread] --- [MIROVA] Menggunakan log terbaru: output/realtime\mirova_log_20251003-094000.txt
2025-12-23 00:14:43,489 [INFO    ] [VolcanoAiPipeline   ] [MainThread] --- Pipeline VolcanoAI 5.2.0-TITAN-EXCEL initialized successfully.
2025-12-23 00:14:43,489 [INFO    ] [VolcanoAiPipeline   ] [MainThread] --- Starting Pipeline Execution...
2025-12-23 00:14:43,489 [INFO    ] [VolcanoAiPipeline   ] [MainThread] --- 
========== PHASE 1: DATA LOADING ==========
2025-12-23 00:14:43,504 [INFO    ] [VolcanoAiPipeline   ] [MainThread] --- 
========== PHASE 2: FEATURE ENGINEERING ==========
2025-12-23 00:14:43,536 [INFO    ] [FeatureEngineer     ] [MainThread] --- >>> FE TRAIN: Initializing new preprocessor state.
2025-12-23 00:14:43,615 [INFO    ] [FeatureEngineer     ] [MainThread] --- Smart Classifier Trained.
2025-12-23 00:14:43,649 [WARNING ] [FeatureEngineer     ] [MainThread] --- Imputer Warning: Kolom berikut kosong total saat training -> diisi 0.0: ['OLI_total (W)', 'MSI_total (W)']
2025-12-23 00:14:44,014 [INFO    ] [werkzeug            ] [Thread-1 (_run)] --- [31m[1mWARNING: This is a development server. Do not use it in a production deployment. Use a production WSGI server instead.[0m
 * Running on http://127.0.0.1:5000
2025-12-23 00:14:44,017 [INFO    ] [werkzeug            ] [Thread-1 (_run)] --- [33mPress CTRL+C to quit[0m
2025-12-23 00:14:44,098 [INFO    ] [VolcanoAI.processing.feature_engineer] [MainThread] --- Preprocessor state saved to: output\feature_preprocessor.pkl
2025-12-23 00:14:44,098 [INFO    ] [FeatureEngineer     ] [MainThread] --- Feature Engineering Complete. Shape: (21, 60)
2025-12-23 00:14:44,120 [INFO    ] [FeatureEngineer     ] [MainThread] --- >>> FE TRAIN: Initializing new preprocessor state.
2025-12-23 00:14:44,291 [INFO    ] [FeatureEngineer     ] [MainThread] --- Smart Classifier Trained.
2025-12-23 00:14:44,398 [INFO    ] [werkzeug            ] [Thread-174 (process_request_thread)] --- 127.0.0.1 - - [23/Dec/2025 00:14:44] "GET / HTTP/1.1" 200 -
2025-12-23 00:14:44,939 [INFO    ] [werkzeug            ] [Thread-178 (process_request_thread)] --- 127.0.0.1 - - [23/Dec/2025 00:14:44] "[36mGET /files/output/naive_bayes_results/roc_curves.png HTTP/1.1[0m" 304 -
2025-12-23 00:14:44,967 [INFO    ] [werkzeug            ] [Thread-175 (process_request_thread)] --- 127.0.0.1 - - [23/Dec/2025 00:14:44] "GET /files/output/naive_bayes_results/confusion_matrix.png HTTP/1.1" 200 -
2025-12-23 00:14:45,354 [INFO    ] [werkzeug            ] [Thread-179 (process_request_thread)] --- 127.0.0.1 - - [23/Dec/2025 00:14:45] "GET /files/output/aco_results/aco_impact_zones.html HTTP/1.1" 200 -
2025-12-23 00:14:45,361 [INFO    ] [werkzeug            ] [Thread-181 (process_request_thread)] --- 127.0.0.1 - - [23/Dec/2025 00:14:45] "[36mGET /files/output/cnn_results/cnn_prediction_map.html HTTP/1.1[0m" 304 -
2025-12-23 00:14:45,361 [INFO    ] [werkzeug            ] [Thread-180 (process_request_thread)] --- 127.0.0.1 - - [23/Dec/2025 00:14:45] "GET /files/output/ga_results/ga_path_map.html HTTP/1.1" 200 -
2025-12-23 00:14:48,879 [WARNING ] [FeatureEngineer     ] [MainThread] --- Imputer Warning: Kolom berikut kosong total saat training -> diisi 0.0: ['OLI_total (W)', 'MSI_total (W)']
2025-12-23 00:14:49,503 [INFO    ] [VolcanoAI.processing.feature_engineer] [MainThread] --- Preprocessor state saved to: output\feature_preprocessor.pkl
2025-12-23 00:14:49,503 [INFO    ] [FeatureEngineer     ] [MainThread] --- Feature Engineering Complete. Shape: (9, 60)
2025-12-23 00:14:49,503 [INFO    ] [VolcanoAiPipeline   ] [MainThread] --- 
========== PHASE 3: MODEL TRAINING ==========
2025-12-23 00:14:53,293 [INFO    ] [ACO_Engine_Master   ] [MainThread] --- [ACO Iter-59] Stagnasi (41) â†’ Smooth Reset Pheromone.
2025-12-23 00:14:55,249 [INFO    ] [ACO_Engine_Master   ] [MainThread] --- [ACO Iter-100] Stagnasi (41) â†’ Smooth Reset Pheromone.
2025-12-23 00:14:58,492 [INFO    ] [ACO_Engine_Master   ] [MainThread] --- [ACO Iter-181] Stagnasi (41) â†’ Smooth Reset Pheromone.
2025-12-23 00:14:59,186 [INFO    ] [ACO_Engine_Master   ] [MainThread] --- [ACO] Output GA tersimpan â†’ C:\Users\laygenda surya putra\Documents\JOKI\gempavulkanik\output\aco_results\aco_to_ga.json
2025-12-23 00:14:59,374 [INFO    ] [ACO_Engine_Master   ] [MainThread] --- [ACO] Visual ACO tersimpan â†’ C:\Users\laygenda surya putra\Documents\JOKI\gempavulkanik\output\aco_results/aco_impact_zones.html
2025-12-23 00:14:59,374 [INFO    ] [VolcanoAI.GaEngine  ] [MainThread] --- 
================================================================================
2025-12-23 00:14:59,374 [INFO    ] [VolcanoAI.GaEngine  ] [MainThread] ---                             === GA ENGINE START ===                             
2025-12-23 00:14:59,374 [INFO    ] [VolcanoAI.GaEngine  ] [MainThread] --- ================================================================================
2025-12-23 00:14:59,386 [INFO    ] [VolcanoAI.GaEngine  ] [MainThread] --- GA Evolution Start â†’ Pop=80, Gen=150
2025-12-23 00:14:59,390 [INFO    ] [VolcanoAI.GaEngine  ] [MainThread] --- Resuming GA from checkpoint...
2025-12-23 00:14:59,403 [INFO    ] [VolcanoAI.GaEngine  ] [MainThread] --- [GA] next_event berhasil ditulis ke output\aco_results\aco_to_ga.json (valid=True)
2025-12-23 00:14:59,406 [INFO    ] [VolcanoAI.GaEngine  ] [MainThread] --- GA vector JSON saved â†’ output\ga_results\ga_vector.json
2025-12-23 00:14:59,508 [INFO    ] [VolcanoAI.GaEngine  ] [MainThread] --- GA Map saved â†’ output\ga_results\ga_path_map.html
2025-12-23 00:14:59,577 [INFO    ] [VolcanoAI.GaEngine  ] [MainThread] --- Excel exported â†’ output\ga_results\ga_report.xlsx
2025-12-23 00:14:59,577 [INFO    ] [VolcanoAI.GaEngine  ] [MainThread] ---                            === GA ENGINE COMPLETE ===                           
2025-12-23 00:14:59,577 [INFO    ] [VolcanoAI.LstmEngine] [MainThread] --- === LSTM V6.0 TITAN TRAINING START ===
2025-12-23 00:14:59,593 [INFO    ] [VolcanoAI.LstmEngine] [MainThread] --- Processing Cluster 0...
2025-12-23 00:14:59,593 [WARNING ] [VolcanoAI.LstmEngine] [MainThread] --- Sample c0 terlalu sedikit (0). Skip training.
2025-12-23 00:15:00,045 [INFO    ] [VolcanoAI.LstmEngine] [MainThread] --- [Vault] Model Cluster 0 berhasil dimuat.
2025-12-23 00:15:00,068 [INFO    ] [VolcanoAI.LstmEngine] [MainThread] --- [LSTM] Saved CSV (overwrite-safe): master=output\lstm_results\lstm_records_2y_20251223.csv, recent=output\lstm_results\lstm_recent_15d_20251223.csv, anomalies=output\lstm_results\lstm_anomalies_20251223.csv
2025-12-23 00:15:00,069 [INFO    ] [VolcanoAI_CNN       ] [MainThread] --- === MEMULAI CNN TRAINING PIPELINE V5.0 (TITAN) ===
2025-12-23 00:15:00,069 [INFO    ] [VolcanoAI_CNN       ] [MainThread] --- 
>>> Training CNN Cluster 0
2025-12-23 00:15:00,177 [INFO    ] [VolcanoAI.LstmEngine] [MainThread] --- [Vault] Model Cluster 0 berhasil dimuat.
2025-12-23 00:15:00,179 [WARNING ] [VolcanoAI_CNN       ] [MainThread] --- Skip c0: Gagal get LSTM features (mungkin data kurang).
2025-12-23 00:15:00,874 [INFO    ] [VolcanoAI.LstmEngine] [MainThread] --- [Vault] Model Cluster 0 berhasil dimuat.
2025-12-23 00:15:00,874 [INFO    ] [VolcanoAiPipeline   ] [MainThread] --- âœ… CNN latest overwritten: output\cnn_results\results\cnn_predictions_latest.csv
2025-12-23 00:15:00,881 [INFO    ] [VolcanoAiPipeline   ] [MainThread] ---  CNN JSON overwritten: output\cnn_results\cnn_predictions_latest.json
2025-12-23 00:15:00,883 [ERROR   ] [VolcanoAiPipeline   ] [MainThread] --- Failed to generate CNN map: 'list' object has no attribute 'get'
Traceback (most recent call last):
  File "C:\Users\laygenda surya putra\Documents\JOKI\gempavulkanik\main.py", line 393, in _run_training_flow
    map_path = cnn_map_gen.generate(json_path=cnn_json_path)
  File "C:\Users\laygenda surya putra\Documents\JOKI\gempavulkanik\VolcanoAI\engines\cnn_map_generator.py", line 44, in generate
    nxt = data.get("next_event")
AttributeError: 'list' object has no attribute 'get'
2025-12-23 00:15:00,890 [INFO    ] [VolcanoAiPipeline   ] [MainThread] ---  CNN archive saved: output\cnn_results\results\cnn_predictions_20251223_001500.csv
2025-12-23 00:15:00,905 [INFO    ] [VolcanoAI.NaiveBayesEngine] [MainThread] --- Fitur terpilih (7): ['Magnitudo', 'Kedalaman (km)', 'isVulkanik', 'isTektonik', 'R3_final', 'PheromoneScore', 'luas_cnn']
2025-12-23 00:15:00,911 [INFO    ] [VolcanoAI.NaiveBayesEngine] [MainThread] --- Training Naive Bayes selesai.
2025-12-23 00:15:00,911 [INFO    ] [VolcanoAiPipeline   ] [MainThread] --- 
========== PHASE 4: MODEL EVALUATION ==========
2025-12-23 00:15:03,826 [INFO    ] [ACO_Engine_Master   ] [MainThread] --- [ACO Iter-69] Stagnasi (41) â†’ Smooth Reset Pheromone.
2025-12-23 00:15:05,467 [INFO    ] [ACO_Engine_Master   ] [MainThread] --- [ACO Iter-110] Stagnasi (41) â†’ Smooth Reset Pheromone.
2025-12-23 00:15:06,982 [INFO    ] [ACO_Engine_Master   ] [MainThread] --- [ACO Iter-151] Stagnasi (41) â†’ Smooth Reset Pheromone.
2025-12-23 00:15:08,771 [INFO    ] [ACO_Engine_Master   ] [MainThread] --- [ACO] Output GA tersimpan â†’ C:\Users\laygenda surya putra\Documents\JOKI\gempavulkanik\output\aco_results\aco_to_ga.json
2025-12-23 00:15:08,802 [INFO    ] [ACO_Engine_Master   ] [MainThread] --- [ACO] Visual ACO tersimpan â†’ C:\Users\laygenda surya putra\Documents\JOKI\gempavulkanik\output\aco_results/aco_impact_zones.html
2025-12-23 00:15:08,826 [INFO    ] [VolcanoAI.LstmEngine] [MainThread] --- [LSTM] Saved CSV (overwrite-safe): master=output\lstm_results\lstm_records_2y_20251223.csv, recent=output\lstm_results\lstm_recent_15d_20251223.csv, anomalies=output\lstm_results\lstm_anomalies_20251223.csv
2025-12-23 00:15:08,935 [INFO    ] [VolcanoAI.LstmEngine] [MainThread] --- [Vault] Model Cluster 0 berhasil dimuat.
2025-12-23 00:15:08,953 [ERROR   ] [VolcanoAI.NaiveBayesEngine] [MainThread] --- Evaluasi gagal: Number of classes, 2, does not match size of target_names, 3. Try specifying the labels parameter
2025-12-23 00:15:09,109 [INFO    ] [VolcanoAI.NaiveBayesEngine] [MainThread] --- Output Naive Bayes berhasil disimpan.
2025-12-23 00:15:09,109 [INFO    ] [VolcanoAiPipeline   ] [MainThread] --- Reporter metrics keys being passed: ['class_names', 'accuracy', 'confusion_matrix', 'aco_center', 'aco_area', 'aco_map', 'ga_map', 'cnn_pred_csv', 'cnn_pred_json', 'nb_confusion_png', 'nb_roc_png', 'nb_pred_csv', 'nb_metrics_json']
2025-12-23 00:15:09,148 [INFO    ] [VolcanoAI.Reporter  ] [MainThread] --- Generating Dual Dashboard HTML...
2025-12-23 00:15:09,333 [INFO    ] [VolcanoAI.Reporter  ] [MainThread] --- Dashboard berhasil dibuat: output\VolcanoAI_Analysis_STATIC.html
2025-12-23 00:15:09,338 [INFO    ] [VolcanoAI.Reporter  ] [MainThread] --- Dashboard berhasil dibuat: output\VolcanoAI_Monitor_LIVE.html
2025-12-23 00:15:09,343 [INFO    ] [VolcanoAI.Reporter  ] [MainThread] --- âœ… Dual Dashboard Updated. Files: LIVE, STATIC.
2025-12-23 00:15:09,343 [INFO    ] [VolcanoAiPipeline   ] [MainThread] --- Monitoring-only mode enabled (config.REALTIME.enable_monitoring=True). Starting monitoring loop...
2025-12-23 00:15:09,343 [INFO    ] [VolcanoAiPipeline   ] [MainThread] --- 
========== PHASE 5: LIVE MONITORING ==========
2025-12-23 00:15:09,343 [INFO    ] [VolcanoAI.LstmEngine] [MainThread] --- Loading 21 rows to buffer.
2025-12-23 00:15:09,377 [INFO    ] [RealtimeSensorManager] [MainThread] --- [MIROVA] Berhasil membaca 13 baris dari log.
2025-12-23 00:15:39,865 [INFO    ] [VolcanoAiPipeline   ] [MainThread] --- Monitoring dihentikan. Melakukan penyimpanan akhir...
2025-12-23 00:15:39,865 [ERROR   ] [VolcanoAiPipeline   ] [MainThread] --- Monitoring loop terminated with exception: name 'safe_save_csv' is not defined
Traceback (most recent call last):
  File "C:\Users\laygenda surya putra\Documents\JOKI\gempavulkanik\main.py", line 679, in start_monitoring_loop
    time.sleep(interval)
KeyboardInterrupt

During handling of the above exception, another exception occurred:

Traceback (most recent call last):
  File "C:\Users\laygenda surya putra\Documents\JOKI\gempavulkanik\main.py", line 934, in run
    self.start_monitoring_loop()
  File "C:\Users\laygenda surya putra\Documents\JOKI\gempavulkanik\main.py", line 783, in start_monitoring_loop
    safe_save_csv("output/realtime/processed.csv", df_final_buffer)
NameError: name 'safe_save_csv' is not defined
2025-12-23 00:15:39,870 [INFO    ] [VolcanoAiPipeline   ] [MainThread] --- System shutdown. Uptime: 56.38s
